[23:27:56] [Server thread/INFO]: Starting minecraft server version 1.15
[23:27:56] [Server thread/INFO]: Loading properties
[23:27:56] [Server thread/INFO]: This server is running Paper version git-Paper-8 (MC: 1.15) (Implementing API version 1.15-R0.1-SNAPSHOT)
[23:27:56] [Server thread/INFO]: Using 4 threads for Netty based IO
[23:27:56] [Server thread/INFO]: Debug logging is disabled
[23:27:56] [Server thread/INFO]: Server Ping Player Sample Count: 12
[23:27:57] [Server thread/INFO]: Default game type: SURVIVAL
[23:27:57] [Server thread/INFO]: Generating keypair
[23:27:57] [Server thread/INFO]: Starting Minecraft server on *:25565
[23:27:57] [Server thread/INFO]: Using default channel type
[23:27:58] [Server thread/INFO]: Preparing level "world"
[23:27:58] [Server thread/INFO]: Found new data pack file/bukkit, loading it automatically
[23:27:58] [Server thread/INFO]: Found new data pack vanilla, loading it automatically
[23:27:58] [Server thread/INFO]: Reloading ResourceManager: Default, bukkit
[23:28:15] [Server thread/INFO]: Loaded 6 recipes
[23:28:15] [Server thread/INFO]: -------- World Settings For [world] --------
[23:28:15] [Server thread/INFO]: Item Merge Radius: 2.5
[23:28:15] [Server thread/INFO]: Item Despawn Rate: 6000
[23:28:15] [Server thread/INFO]: Allow Zombie Pigmen to spawn from portal blocks: true
[23:28:15] [Server thread/INFO]: Arrow Despawn Rate: 1200 Trident Respawn Rate:1200
[23:28:15] [Server thread/INFO]: Zombie Aggressive Towards Villager: true
[23:28:15] [Server thread/INFO]: Nerfing mobs spawned from spawners: false
[23:28:15] [Server thread/INFO]: Experience Merge Radius: 3.0
[23:28:15] [Server thread/INFO]: Cactus Growth Modifier: 100%
[23:28:15] [Server thread/INFO]: Cane Growth Modifier: 100%
[23:28:15] [Server thread/INFO]: Melon Growth Modifier: 100%
[23:28:15] [Server thread/INFO]: Mushroom Growth Modifier: 100%
[23:28:15] [Server thread/INFO]: Pumpkin Growth Modifier: 100%
[23:28:15] [Server thread/INFO]: Sapling Growth Modifier: 100%
[23:28:15] [Server thread/INFO]: Beetroot Growth Modifier: 100%
[23:28:15] [Server thread/INFO]: Carrot Growth Modifier: 100%
[23:28:15] [Server thread/INFO]: Potato Growth Modifier: 100%
[23:28:15] [Server thread/INFO]: Wheat Growth Modifier: 100%
[23:28:15] [Server thread/INFO]: NetherWart Growth Modifier: 100%
[23:28:15] [Server thread/INFO]: Vine Growth Modifier: 100%
[23:28:15] [Server thread/INFO]: Cocoa Growth Modifier: 100%
[23:28:15] [Server thread/INFO]: Bamboo Growth Modifier: 100%
[23:28:15] [Server thread/INFO]: SweetBerry Growth Modifier: 100%
[23:28:15] [Server thread/INFO]: Kelp Growth Modifier: 100%
[23:28:15] [Server thread/INFO]: Mob Spawn Range: 8
[23:28:15] [Server thread/INFO]: Custom Map Seeds:  Village: 10387312 Desert: 14357617 Igloo: 14357618 Jungle: 14357619 Swamp: 14357620 Monument: 10387313Ocean: 14357621 Shipwreck: 165745295 Slime: 987234911
[23:28:15] [Server thread/INFO]: Max TNT Explosions: 100
[23:28:15] [Server thread/INFO]: Hopper Transfer: 8 Hopper Check: 1 Hopper Amount: 1
[23:28:15] [Server thread/INFO]: Entity Tracking Range: Pl 48 / An 48 / Mo 48 / Mi 32 / Other 64
[23:28:15] [Server thread/INFO]: Tile Max Tick Time: 50ms Entity max Tick Time: 50ms
[23:28:15] [Server thread/INFO]: Entity Activation Range: An 32 / Mo 32 / Ra 48 / Mi 16 / Tiv true
[23:28:15] [Server thread/INFO]: View Distance: 10
[23:28:22] [Server thread/INFO]: -------- World Settings For [world_nether] --------
[23:28:22] [Server thread/INFO]: Item Merge Radius: 2.5
[23:28:22] [Server thread/INFO]: Item Despawn Rate: 6000
[23:28:22] [Server thread/INFO]: Allow Zombie Pigmen to spawn from portal blocks: true
[23:28:22] [Server thread/INFO]: Arrow Despawn Rate: 1200 Trident Respawn Rate:1200
[23:28:22] [Server thread/INFO]: Zombie Aggressive Towards Villager: true
[23:28:22] [Server thread/INFO]: Nerfing mobs spawned from spawners: false
[23:28:22] [Server thread/INFO]: Experience Merge Radius: 3.0
[23:28:22] [Server thread/INFO]: Cactus Growth Modifier: 100%
[23:28:22] [Server thread/INFO]: Cane Growth Modifier: 100%
[23:28:22] [Server thread/INFO]: Melon Growth Modifier: 100%
[23:28:22] [Server thread/INFO]: Mushroom Growth Modifier: 100%
[23:28:22] [Server thread/INFO]: Pumpkin Growth Modifier: 100%
[23:28:22] [Server thread/INFO]: Sapling Growth Modifier: 100%
[23:28:22] [Server thread/INFO]: Beetroot Growth Modifier: 100%
[23:28:22] [Server thread/INFO]: Carrot Growth Modifier: 100%
[23:28:22] [Server thread/INFO]: Potato Growth Modifier: 100%
[23:28:22] [Server thread/INFO]: Wheat Growth Modifier: 100%
[23:28:22] [Server thread/INFO]: NetherWart Growth Modifier: 100%
[23:28:22] [Server thread/INFO]: Vine Growth Modifier: 100%
[23:28:22] [Server thread/INFO]: Cocoa Growth Modifier: 100%
[23:28:22] [Server thread/INFO]: Bamboo Growth Modifier: 100%
[23:28:22] [Server thread/INFO]: SweetBerry Growth Modifier: 100%
[23:28:22] [Server thread/INFO]: Kelp Growth Modifier: 100%
[23:28:22] [Server thread/INFO]: Mob Spawn Range: 8
[23:28:22] [Server thread/INFO]: Custom Map Seeds:  Village: 10387312 Desert: 14357617 Igloo: 14357618 Jungle: 14357619 Swamp: 14357620 Monument: 10387313Ocean: 14357621 Shipwreck: 165745295 Slime: 987234911
[23:28:22] [Server thread/INFO]: Max TNT Explosions: 100
[23:28:22] [Server thread/INFO]: Hopper Transfer: 8 Hopper Check: 1 Hopper Amount: 1
[23:28:22] [Server thread/INFO]: Entity Tracking Range: Pl 48 / An 48 / Mo 48 / Mi 32 / Other 64
[23:28:22] [Server thread/INFO]: Tile Max Tick Time: 50ms Entity max Tick Time: 50ms
[23:28:22] [Server thread/INFO]: Entity Activation Range: An 32 / Mo 32 / Ra 48 / Mi 16 / Tiv true
[23:28:22] [Server thread/INFO]: View Distance: 10
[23:28:22] [Server thread/INFO]: -------- World Settings For [world_the_end] --------
[23:28:22] [Server thread/INFO]: Item Merge Radius: 2.5
[23:28:22] [Server thread/INFO]: Item Despawn Rate: 6000
[23:28:22] [Server thread/INFO]: Allow Zombie Pigmen to spawn from portal blocks: true
[23:28:22] [Server thread/INFO]: Arrow Despawn Rate: 1200 Trident Respawn Rate:1200
[23:28:22] [Server thread/INFO]: Zombie Aggressive Towards Villager: true
[23:28:22] [Server thread/INFO]: Nerfing mobs spawned from spawners: false
[23:28:22] [Server thread/INFO]: Experience Merge Radius: 3.0
[23:28:22] [Server thread/INFO]: Cactus Growth Modifier: 100%
[23:28:22] [Server thread/INFO]: Cane Growth Modifier: 100%
[23:28:22] [Server thread/INFO]: Melon Growth Modifier: 100%
[23:28:22] [Server thread/INFO]: Mushroom Growth Modifier: 100%
[23:28:22] [Server thread/INFO]: Pumpkin Growth Modifier: 100%
[23:28:22] [Server thread/INFO]: Sapling Growth Modifier: 100%
[23:28:22] [Server thread/INFO]: Beetroot Growth Modifier: 100%
[23:28:22] [Server thread/INFO]: Carrot Growth Modifier: 100%
[23:28:22] [Server thread/INFO]: Potato Growth Modifier: 100%
[23:28:22] [Server thread/INFO]: Wheat Growth Modifier: 100%
[23:28:22] [Server thread/INFO]: NetherWart Growth Modifier: 100%
[23:28:22] [Server thread/INFO]: Vine Growth Modifier: 100%
[23:28:22] [Server thread/INFO]: Cocoa Growth Modifier: 100%
[23:28:22] [Server thread/INFO]: Bamboo Growth Modifier: 100%
[23:28:22] [Server thread/INFO]: SweetBerry Growth Modifier: 100%
[23:28:22] [Server thread/INFO]: Kelp Growth Modifier: 100%
[23:28:22] [Server thread/INFO]: Mob Spawn Range: 8
[23:28:22] [Server thread/INFO]: Custom Map Seeds:  Village: 10387312 Desert: 14357617 Igloo: 14357618 Jungle: 14357619 Swamp: 14357620 Monument: 10387313Ocean: 14357621 Shipwreck: 165745295 Slime: 987234911
[23:28:22] [Server thread/INFO]: Max TNT Explosions: 100
[23:28:22] [Server thread/INFO]: Hopper Transfer: 8 Hopper Check: 1 Hopper Amount: 1
[23:28:22] [Server thread/INFO]: Entity Tracking Range: Pl 48 / An 48 / Mo 48 / Mi 32 / Other 64
[23:28:22] [Server thread/INFO]: Tile Max Tick Time: 50ms Entity max Tick Time: 50ms
[23:28:22] [Server thread/INFO]: Entity Activation Range: An 32 / Mo 32 / Ra 48 / Mi 16 / Tiv true
[23:28:22] [Server thread/INFO]: View Distance: 10
[23:28:22] [Server thread/INFO]: Preparing start region for dimension 'world'/minecraft:overworld
[23:28:22] [Server-Worker-2/INFO]: Preparing spawn area: 0%
[23:28:23] [Server-Worker-2/INFO]: Preparing spawn area: 0%
[23:28:23] [Server-Worker-1/INFO]: Preparing spawn area: 0%
[23:28:23] [Server-Worker-2/INFO]: Preparing spawn area: 0%
[23:28:24] [Server-Worker-2/INFO]: Preparing spawn area: 0%
[23:28:24] [Server-Worker-2/INFO]: Preparing spawn area: 0%
[23:28:25] [Server-Worker-2/INFO]: Preparing spawn area: 1%
[23:28:25] [Server-Worker-2/INFO]: Preparing spawn area: 2%
[23:28:26] [Server-Worker-2/INFO]: Preparing spawn area: 2%
[23:28:26] [Server-Worker-2/INFO]: Preparing spawn area: 2%
[23:28:27] [Server-Worker-2/INFO]: Preparing spawn area: 5%
[23:28:27] [Server-Worker-2/INFO]: Preparing spawn area: 5%
[23:28:28] [Server-Worker-2/INFO]: Preparing spawn area: 5%
[23:28:28] [Server-Worker-2/INFO]: Preparing spawn area: 5%
[23:28:29] [Server-Worker-2/INFO]: Preparing spawn area: 5%
[23:28:29] [Server-Worker-2/INFO]: Preparing spawn area: 5%
[23:28:30] [Server-Worker-1/INFO]: Preparing spawn area: 5%
[23:28:30] [Server-Worker-1/INFO]: Preparing spawn area: 5%
[23:28:31] [Server-Worker-2/INFO]: Preparing spawn area: 8%
[23:28:31] [Server-Worker-1/INFO]: Preparing spawn area: 18%
[23:28:32] [Server-Worker-2/INFO]: Preparing spawn area: 18%
[23:28:32] [Server-Worker-2/INFO]: Preparing spawn area: 18%
[23:28:33] [Server-Worker-2/INFO]: Preparing spawn area: 18%
[23:28:33] [Server-Worker-2/INFO]: Preparing spawn area: 18%
[23:28:34] [Server-Worker-2/INFO]: Preparing spawn area: 18%
[23:28:34] [Server-Worker-2/INFO]: Preparing spawn area: 18%
[23:28:35] [Server-Worker-2/INFO]: Preparing spawn area: 18%
[23:28:35] [Server-Worker-2/INFO]: Preparing spawn area: 18%
[23:28:36] [Server-Worker-2/INFO]: Preparing spawn area: 53%
[23:28:36] [Server-Worker-2/INFO]: Preparing spawn area: 53%
[23:28:37] [Server-Worker-2/INFO]: Preparing spawn area: 53%
[23:28:37] [Server-Worker-2/INFO]: Preparing spawn area: 59%
[23:28:38] [Server-Worker-1/INFO]: Preparing spawn area: 64%
[23:28:38] [Server-Worker-1/INFO]: Preparing spawn area: 64%
[23:28:39] [Server-Worker-1/INFO]: Preparing spawn area: 64%
[23:28:40] [Server-Worker-1/INFO]: Preparing spawn area: 71%
[23:28:40] [Server-Worker-2/INFO]: Preparing spawn area: 74%
[23:28:40] [Server-Worker-2/INFO]: Preparing spawn area: 80%
[23:28:41] [Server-Worker-1/INFO]: Preparing spawn area: 81%
[23:28:41] [Server-Worker-1/INFO]: Preparing spawn area: 83%
[23:28:43] [Server-Worker-2/INFO]: Preparing spawn area: 87%
[23:28:43] [Server-Worker-2/INFO]: Preparing spawn area: 87%
[23:28:43] [Server-Worker-2/INFO]: Preparing spawn area: 87%
[23:28:43] [Server-Worker-1/INFO]: Preparing spawn area: 97%
[23:28:44] [Server-Worker-2/INFO]: Preparing spawn area: 100%
[23:28:44] [Server-Worker-1/INFO]: Preparing spawn area: 100%
[23:28:45] [Server-Worker-2/INFO]: Preparing spawn area: 100%
[23:28:45] [Server-Worker-2/INFO]: Preparing spawn area: 100%
[23:28:46] [Server-Worker-1/INFO]: Preparing spawn area: 100%
[23:28:46] [Server-Worker-2/INFO]: Preparing spawn area: 100%
[23:28:47] [Server-Worker-1/INFO]: Preparing spawn area: 100%
[23:28:47] [Server-Worker-2/INFO]: Preparing spawn area: 100%
[23:28:48] [Server-Worker-1/INFO]: Preparing spawn area: 100%
[23:28:48] [Server-Worker-1/INFO]: Preparing spawn area: 100%
[23:28:49] [Server-Worker-2/INFO]: Preparing spawn area: 100%
[23:28:49] [Server-Worker-1/INFO]: Preparing spawn area: 100%
[23:28:50] [Server-Worker-2/INFO]: Preparing spawn area: 100%
[23:28:50] [Server-Worker-2/INFO]: Preparing spawn area: 100%
[23:28:51] [Server thread/INFO]: Loaded 441 spawn chunks for world world
[23:28:51] [Server thread/INFO]: Time elapsed: 28832 ms
[23:28:51] [Server thread/INFO]: Preparing start region for dimension 'world_nether'/minecraft:the_nether
[23:28:51] [Server-Worker-2/INFO]: Preparing spawn area: 0%
[23:28:51] [Server-Worker-2/INFO]: Preparing spawn area: 0%
[23:28:52] [Server-Worker-2/INFO]: Preparing spawn area: 0%
[23:28:52] [Server-Worker-2/INFO]: Preparing spawn area: 1%
[23:28:53] [Server-Worker-1/INFO]: Preparing spawn area: 2%
[23:28:53] [Server-Worker-1/INFO]: Preparing spawn area: 2%
[23:28:54] [Server-Worker-2/INFO]: Preparing spawn area: 16%
[23:28:54] [Server-Worker-2/INFO]: Preparing spawn area: 27%
[23:28:55] [Server-Worker-1/INFO]: Preparing spawn area: 39%
[23:28:55] [Server-Worker-2/INFO]: Preparing spawn area: 40%
[23:28:56] [Server-Worker-1/INFO]: Preparing spawn area: 53%
[23:28:56] [Server-Worker-1/INFO]: Preparing spawn area: 74%
[23:28:57] [Server-Worker-1/INFO]: Preparing spawn area: 86%
[23:28:57] [Server-Worker-1/INFO]: Preparing spawn area: 98%
[23:28:58] [Server-Worker-2/INFO]: Preparing spawn area: 100%
[23:28:58] [Server-Worker-1/INFO]: Preparing spawn area: 100%
[23:28:59] [Server-Worker-2/INFO]: Preparing spawn area: 100%
[23:28:59] [Server-Worker-1/INFO]: Preparing spawn area: 100%
[23:29:00] [Server-Worker-1/INFO]: Preparing spawn area: 100%
[23:29:00] [Server thread/INFO]: Loaded 441 spawn chunks for world world_nether
[23:29:00] [Server thread/INFO]: Time elapsed: 9108 ms
[23:29:00] [Server thread/INFO]: Preparing start region for dimension 'world_the_end'/minecraft:the_end
[23:29:00] [Server-Worker-1/INFO]: Preparing spawn area: 0%
[23:29:00] [Server-Worker-1/INFO]: Preparing spawn area: 0%
[23:29:01] [Server-Worker-1/INFO]: Preparing spawn area: 9%
[23:29:01] [Server-Worker-2/INFO]: Preparing spawn area: 65%
[23:29:02] [Server-Worker-1/INFO]: Preparing spawn area: 100%
[23:29:02] [Server-Worker-2/INFO]: Preparing spawn area: 100%
[23:29:02] [Server thread/INFO]: Loaded 441 spawn chunks for world world_the_end
[23:29:02] [Server thread/INFO]: Time elapsed: 2624 ms
[23:29:03] [Server thread/INFO]: Done (64.653s)! For help, type "help"
[23:29:03] [Server thread/INFO]: Timings Reset
[23:30:03] [Thread-1/INFO]: Stopping server
